NPRDroid/manifest-merger-release-report.txt
-- Merging decision tree log ---
manifest
ADDED from AndroidManifest.xml:2:1
	xmlns:android
		ADDED from AndroidManifest.xml:2:11
	package
		ADDED from AndroidManifest.xml:3:5
	android:versionName
		ADDED from AndroidManifest.xml:5:5
	android:versionCode
		ADDED from AndroidManifest.xml:4:5
		INJECTED from AndroidManifest.xml:0:0
		INJECTED from AndroidManifest.xml:0:0
uses-sdk
ADDED from AndroidManifest.xml:7:5
	android:targetSdkVersion
		ADDED from AndroidManifest.xml:9:9
	android:minSdkVersion
		ADDED from AndroidManifest.xml:8:9
uses-permission#android.permission.INTERNET
ADDED from AndroidManifest.xml:11:5
	android:name
		ADDED from AndroidManifest.xml:11:22
uses-permission#android.permission.WAKE_LOCK
ADDED from AndroidManifest.xml:12:5
	android:name
		ADDED from AndroidManifest.xml:12:22
uses-permission#android.permission.WRITE_EXTERNAL_STORAGE
ADDED from AndroidManifest.xml:13:5
	android:name
		ADDED from AndroidManifest.xml:13:22
uses-permission#android.permission.BROADCAST_STICKY
ADDED from AndroidManifest.xml:14:5
	android:name
		ADDED from AndroidManifest.xml:14:22
uses-permission#android.permission.ACCESS_NETWORK_STATE
ADDED from AndroidManifest.xml:15:5
	android:name
		ADDED from AndroidManifest.xml:15:22
application
ADDED from AndroidManifest.xml:17:5
	android:label
		ADDED from AndroidManifest.xml:20:9
	android:allowBackup
		ADDED from AndroidManifest.xml:18:9
	android:icon
		ADDED from AndroidManifest.xml:19:9
	android:theme
		ADDED from AndroidManifest.xml:21:9
provider#com.brentgrossman.downloadnpr.data.CProvider
ADDED from AndroidManifest.xml:22:9
	android:exported
		ADDED from AndroidManifest.xml:25:13
	android:authorities
		ADDED from AndroidManifest.xml:24:13
	android:name
		ADDED from AndroidManifest.xml:23:13
activity#com.brentgrossman.downloadnpr.ui.DownloadNPRActivity
ADDED from AndroidManifest.xml:27:9
	android:label
		ADDED from AndroidManifest.xml:30:13
	android:configChanges
		ADDED from AndroidManifest.xml:29:13
	android:name
		ADDED from AndroidManifest.xml:28:13
intent-filter#android.intent.action.MAIN+android.intent.category.LAUNCHER
ADDED from AndroidManifest.xml:31:13
action#android.intent.action.MAIN
ADDED from AndroidManifest.xml:32:17
	android:name
		ADDED from AndroidManifest.xml:32:25
category#android.intent.category.LAUNCHER
ADDED from AndroidManifest.xml:34:17
	android:name
		ADDED from AndroidManifest.xml:34:27
service#com.brentgrossman.downloadnpr.playback.MusicService
ADDED from AndroidManifest.xml:38:9
	android:exported
		ADDED from AndroidManifest.xml:40:13
	android:name
		ADDED from AndroidManifest.xml:39:13
intent-filter#com.brentgrossman.downloadnpr.action.PAUSE+com.brentgrossman.downloadnpr.action.PLAY+com.brentgrossman.downloadnpr.action.REWIND+com.brentgrossman.downloadnpr.action.SKIP+com.brentgrossman.downloadnpr.action.STOP+com.brentgrossman.downloadnpr.action.TOGGLE_PLAYBACK
ADDED from AndroidManifest.xml:41:13
action#com.brentgrossman.downloadnpr.action.TOGGLE_PLAYBACK
ADDED from AndroidManifest.xml:42:17
	android:name
		ADDED from AndroidManifest.xml:42:25
action#com.brentgrossman.downloadnpr.action.PLAY
ADDED from AndroidManifest.xml:43:17
	android:name
		ADDED from AndroidManifest.xml:43:25
action#com.brentgrossman.downloadnpr.action.PAUSE
ADDED from AndroidManifest.xml:44:17
	android:name
		ADDED from AndroidManifest.xml:44:25
action#com.brentgrossman.downloadnpr.action.SKIP
ADDED from AndroidManifest.xml:45:17
	android:name
		ADDED from AndroidManifest.xml:45:25
action#com.brentgrossman.downloadnpr.action.REWIND
ADDED from AndroidManifest.xml:46:17
	android:name
		ADDED from AndroidManifest.xml:46:25
action#com.brentgrossman.downloadnpr.action.STOP
ADDED from AndroidManifest.xml:47:17
	android:name
		ADDED from AndroidManifest.xml:47:25
intent-filter#com.brentgrossman.downloadnpr.action.URL
ADDED from AndroidManifest.xml:49:13
action#com.brentgrossman.downloadnpr.action.URL
ADDED from AndroidManifest.xml:50:17
	android:name
		ADDED from AndroidManifest.xml:50:25
receiver#com.brentgrossman.downloadnpr.playback.MusicIntentReceiver
ADDED from AndroidManifest.xml:54:9
	android:name
		ADDED from AndroidManifest.xml:54:19
intent-filter#android.media.AUDIO_BECOMING_NOISY
ADDED from AndroidManifest.xml:55:13
action#android.media.AUDIO_BECOMING_NOISY
ADDED from AndroidManifest.xml:56:17
	android:name
		ADDED from AndroidManifest.xml:56:25
intent-filter#android.intent.action.MEDIA_BUTTON
ADDED from AndroidManifest.xml:58:13
action#android.intent.action.MEDIA_BUTTON
ADDED from AndroidManifest.xml:59:17
	android:name
		ADDED from AndroidManifest.xml:59:25
service#com.brentgrossman.downloadnpr.internet.DownloadStories
ADDED from AndroidManifest.xml:63:9
	android:name
		ADDED from AndroidManifest.xml:63:18
service#com.brentgrossman.downloadnpr.internet.PopulateAvailable
ADDED from AndroidManifest.xml:65:9
	android:name
		ADDED from AndroidManifest.xml:65:18